<?xml version="1.0" encoding="UTF-8"?>
<!-- Generated by org.testng.reporters.JUnitReportReporter -->
<testsuite hostname="DESKTOP-KOJOBGV" failures="0" tests="1" name="decryption.encript" time="2.496" errors="0" timestamp="2023-03-28T22:23:57 IST" skipped="0">
  <testcase classname="decryption.encript" name="encryptData" time="2.496"/>
  <system-out/>
</testsuite> <!-- decryption.encript -->
