<?xml version="1.0" encoding="UTF-8"?>
<!-- Generated by org.testng.reporters.JUnitReportReporter -->
<testsuite hostname="DESKTOP-KOJOBGV" failures="0" tests="1" name="decryption.EncryptData" time="1.272" errors="0" timestamp="2023-04-05T12:53:09 IST" skipped="0">
  <testcase classname="decryption.EncryptData" name="main" time="1.272"/>
  <system-out/>
</testsuite> <!-- decryption.EncryptData -->
